Построение начато 06.04.2015 19:02:56.
     1>Проект "D:\Универ\Семестр 2\Программирование\Лабы\4\Derevo\Derevo.vcxproj" в узле 2 (целевые объекты build).
     1>InitializeBuildStatus:
         Создание "Debug\Derevo.unsuccessfulbuild", так как было задано "AlwaysCreate".
       GenerateTargetFrameworkMonikerAttribute:
       Целевой объект "GenerateTargetFrameworkMonikerAttribute" пропускается, так как все выходные файлы актуальны по отношению к входным.
       ClCompile:
         C:\Program Files (x86)\Microsoft Visual Studio 10.0\VC\bin\CL.exe /c /AI"C:\Program Files (x86)\Reference Assemblies\Microsoft\Framework\.NETFramework\v4.0" /Zi /clr /nologo /W3 /WX- /Od /Oy- /D WIN32 /D _DEBUG /D _UNICODE /D UNICODE /EHa /MDd /GS /fp:precise /Zc:wchar_t /Zc:forScope /Fo"Debug\\" /Fd"Debug\vc100.pdb" /TP /analyze- /errorReport:prompt main.cpp /clr:nostdlib 
         main.cpp
         Для всех выходных данных обновления не требуется.
       Link:
         C:\Program Files (x86)\Microsoft Visual Studio 10.0\VC\bin\link.exe /ERRORREPORT:PROMPT /OUT:"D:\Универ\Семестр 2\Программирование\Лабы\4\Derevo\Debug\Derevo.exe" /INCREMENTAL /NOLOGO /MANIFEST /ManifestFile:"Debug\Derevo.exe.intermediate.manifest" /MANIFESTUAC:"level='asInvoker' uiAccess='false'" /DEBUG /PDB:"D:\Универ\Семестр 2\Программирование\Лабы\4\Derevo\Debug\Derevo.pdb" /ASSEMBLYDEBUG /TLBID:1 /DYNAMICBASE /FIXED:NO /NXCOMPAT /MACHINE:X86 Debug\main.obj
         "Debug\.NETFramework,Version=v4.0.AssemblyAttributes.obj"
         Derevo.vcxproj -> D:\Универ\Семестр 2\Программирование\Лабы\4\Derevo\Debug\Derevo.exe
       Manifest:
         C:\Program Files (x86)\Microsoft SDKs\Windows\v7.0A\bin\mt.exe /nologo /verbose /outputresource:"D:\Универ\Семестр 2\Программирование\Лабы\4\Derevo\Debug\Derevo.exe;#1" /manifest Debug\Derevo.exe.intermediate.manifest
       FinalizeBuildStatus:
         Файл "Debug\Derevo.unsuccessfulbuild" удаляется.
         Обращение к "Debug\Derevo.lastbuildstate".
     1>Построение проекта "D:\Универ\Семестр 2\Программирование\Лабы\4\Derevo\Derevo.vcxproj" завершено (целевые объекты build).

Построение успешно завершено.

Затраченное время: 00:00:01.23
